 N? 
 N =   6
 A? 
 A = 
  4.00000000 -1.00000000  0.00000000 -1.00000000  0.00000000  0.00000000
 -1.00000000  4.00000000 -1.00000000  0.00000000 -1.00000000  0.00000000
  0.00000000 -1.00000000  4.00000000  0.00000000  0.00000000 -1.00000000
 -1.00000000  0.00000000  0.00000000  4.00000000 -1.00000000  0.00000000
  0.00000000 -1.00000000  0.00000000 -1.00000000  4.00000000 -1.00000000
  0.00000000  0.00000000 -1.00000000  0.00000000 -1.00000000  4.00000000
 B? 
 B = 
  0.00000000
  5.00000000
  0.00000000
  6.00000000
 -2.00000000
  6.00000000
 AA = 
  4.00000000 -1.00000000  0.00000000 -1.00000000  0.00000000  0.00000000  1.00000000  0.00000000  0.00000000  0.00000000  0.00000000  0.00000000
 -1.00000000  4.00000000 -1.00000000  0.00000000 -1.00000000  0.00000000  0.00000000  1.00000000  0.00000000  0.00000000  0.00000000  0.00000000
  0.00000000 -1.00000000  4.00000000  0.00000000  0.00000000 -1.00000000  0.00000000  0.00000000  1.00000000  0.00000000  0.00000000  0.00000000
 -1.00000000  0.00000000  0.00000000  4.00000000 -1.00000000  0.00000000  0.00000000  0.00000000  0.00000000  1.00000000  0.00000000  0.00000000
  0.00000000 -1.00000000  0.00000000 -1.00000000  4.00000000 -1.00000000  0.00000000  0.00000000  0.00000000  0.00000000  1.00000000  0.00000000
  0.00000000  0.00000000 -1.00000000  0.00000000 -1.00000000  4.00000000  0.00000000  0.00000000  0.00000000  0.00000000  0.00000000  1.00000000
 AINV = 
  0.29482403  0.09316771  0.02815735  0.08612838  0.04968945  0.01946170
  0.09316770  0.32298136  0.09316769  0.04968945  0.10559007  0.04968944
  0.02815735  0.09316771  0.29482403  0.01946170  0.04968945  0.08612837
  0.08612837  0.04968945  0.01946170  0.29482403  0.09316771  0.02815735
  0.04968945  0.10559007  0.04968944  0.09316771  0.32298139  0.09316770
  0.01946170  0.04968945  0.08612836  0.02815735  0.09316770  0.29482400
 C = A * AINV = 
  1.00000012  0.00000003  0.00000001  0.00000003  0.00000001  0.00000001
 -0.00000003  1.00000000 -0.00000006  0.00000000  0.00000000 -0.00000002
  0.00000001  0.00000006  1.00000012  0.00000000  0.00000001  0.00000003
  0.00000000  0.00000001  0.00000000  1.00000012  0.00000000  0.00000001
  0.00000001  0.00000003  0.00000000  0.00000000  1.00000012  0.00000000
  0.00000000  0.00000000 -0.00000003  0.00000001 -0.00000003  0.99999994
 X = AINV * B = 
  1.00000012
  2.00000000
  1.00000012
  2.00000000
  1.00000000
  2.00000000
 BB = A * X = 
  0.00000048
  5.00000000
  0.00000048
  6.00000000
 -2.00000000
  6.00000000
