 What are the values of x? 
 What are the values of f(x)? 
 What are the values of x to approximate? 
 x =   1.00  1.10  1.20  1.30  1.40  1.50  1.60
 f(x) =   0.0000000  0.0953100  0.1823220  0.2623640  0.3364720  0.4054650  0.4700040
 P( 1.00) =  0.0000000
 P( 1.10) =  0.0953100
 P( 1.20) =  0.1823220
 P( 1.30) =  0.2623640
 P( 1.40) =  0.3364720
 P( 1.50) =  0.4054650
 P( 1.60) =  0.4700040
 P( 1.70) =  0.5306323
 P( 1.80) =  0.5878071
 P( 1.90) =  0.6418710
 P( 2.00) =  0.6932746
 P( 2.10) =  0.7419919
 P( 2.20) =  0.7879382
 P( 2.30) =  0.8307351
 P( 2.40) =  0.8713371
 P( 2.50) =  0.9064464
 P( 2.60) =  0.9360330
 P( 2.70) =  0.9605319
 P( 2.80) =  0.9739180
 P( 2.90) =  0.9718547
 P( 3.00) =  0.9452891
 P( 3.10) =  0.8508968
 P( 3.20) =  0.8428787
 P( 3.30) =  0.6552780
 P( 3.40) =  0.5142250
 P( 3.50) =  0.1175079
 P( 3.60) = -0.0992867
 P( 3.70) = -0.5813594
 P( 3.80) = -1.0478097
