 N? 
 N =   3
 A? 
 A = 
  3.00000000 -1.00000000  1.00000000
  3.00000000  6.00000000  2.00000000
  3.00000000  3.00000000  7.00000000
 B? 
 B = 
  1.00000000
  0.00000000
  4.00000000
 T = 
  0.00000000  0.33333334 -0.33333334
 -0.50000000  0.00000000 -0.33333334
 -0.42857143 -0.42857143  0.00000000
 C = 
  0.33333334
  0.00000000
  0.57142860
 OMEGA =  0.40
X0 = 
  0.00000000
  0.00000000
  0.00000000
 XK = X 1 = 
  0.13333334
 -0.06666667
  0.20000000
 XK = X 2 = 
  0.17777778
 -0.11555556
  0.33904761
 XK = X 3 = 
  0.17938624
 -0.15089947
  0.43579137
 XK = X 4 = 
  0.16273963
 -0.17619914
  0.50313979
 XK = X 5 = 
  0.14039859
 -0.19418220
  0.55004442
 XK = X 6 = 
  0.11834227
 -0.20690013
  0.58272141
 XK = X 7 = 
  0.09905582
 -0.21586150
  0.60549182
 XK = X 8 = 
  0.08325305
 -0.22215892
  0.62136185
 XK = X 9 = 
  0.07081573
 -0.22657555
  0.63242412
 XK = X10 = 
  0.06128949
 -0.22966857
  0.64013588
 XK = X11 = 
  0.05413310
 -0.23183231
  0.64551228
 XK = X12 = 
  0.04883392
 -0.23334472
  0.64926082
 XK = X13 = 
  0.04495295
 -0.23440124
  0.65187442
 XK = X14 = 
  0.04213502
 -0.23513895
  0.65369678
 XK = X15 = 
  0.04010291
 -0.23565389
  0.65496749
 XK = X16 = 
  0.03864556
 -0.23601325
  0.65585357
 XK = X17 = 
  0.03760509
 -0.23626398
  0.65647143
 XK = X18 = 
  0.03686500
 -0.23643889
  0.65690225
 XK = X19 = 
  0.03634018
 -0.23656090
  0.65720266
 XK = X20 = 
  0.03596896
 -0.23664598
  0.65741217
 XK = X21 = 
  0.03570696
 -0.23670535
  0.65755826
 XK = X22 = 
  0.03552237
 -0.23674674
  0.65766013
 XK = X23 = 
  0.03539250
 -0.23677561
  0.65773118
 XK = X24 = 
  0.03530127
 -0.23679574
  0.65778071
 XK = X25 = 
  0.03523724
 -0.23680978
  0.65781522
 NO CONVERGENCE AFTER 25 ITERATIONS!
 X = 
  0.03523724
 -0.23680978
  0.65781522
 BB = A * X = 
  1.00033665
  0.00048351
  3.99998903
 
 
 
 OMEGA =  0.60
X0 = 
  0.00000000
  0.00000000
  0.00000000
 XK = X 1 = 
  0.20000002
 -0.10000001
  0.30000001
 XK = X 2 = 
  0.20000000
 -0.16000001
  0.46285716
 XK = X 3 = 
  0.15542857
 -0.19428572
  0.55151021
 XK = X 4 = 
  0.11301225
 -0.21343675
  0.59983909
 XK = X 5 = 
  0.08254972
 -0.22401494
  0.62620509
 XK = X 6 = 
  0.06297589
 -0.22982499
  0.64059478
 XK = X 7 = 
  0.05110640
 -0.23300697
  0.64844978
 XK = X 8 = 
  0.04415121
 -0.23474707
  0.65273803
 XK = X 9 = 
  0.04016347
 -0.23569793
  0.65507931
 XK = X10 = 
  0.03790994
 -0.23621731
  0.65635759
 XK = X11 = 
  0.03664899
 -0.23650095
  0.65705550
 XK = X12 = 
  0.03594831
 -0.23665583
  0.65743655
 XK = X13 = 
  0.03556085
 -0.23674041
  0.65764457
 XK = X14 = 
  0.03534735
 -0.23678657
  0.65775818
 XK = X15 = 
  0.03522999
 -0.23681180
  0.65782017
 XK = X16 = 
  0.03516561
 -0.23682556
  0.65785402
 XK = X17 = 
  0.03513033
 -0.23683308
  0.65787250
 THERE WAS CONVERGENCE AFTER 17 ITERATIONS!
 X = 
  0.03513033
 -0.23683308
  0.65787250
 BB = A * X = 
  1.00009656
  0.00013745
  3.99999928
 
 
 
 OMEGA =  1.00
X0 = 
  0.00000000
  0.00000000
  0.00000000
 XK = X 1 = 
  0.33333334
 -0.16666667
  0.50000000
 XK = X 2 = 
  0.11111110
 -0.22222222
  0.61904764
 XK = X 3 = 
  0.05291006
 -0.23280425
  0.64852613
 XK = X 4 = 
  0.03955653
 -0.23595364
  0.65559876
 XK = X 5 = 
  0.03614920
 -0.23660752
  0.65733933
 XK = X 6 = 
  0.03535104
 -0.23678863
  0.65775901
 XK = X 7 = 
  0.03515080
 -0.23682840
  0.65786183
 XK = X 8 = 
  0.03510326
 -0.23683891
  0.65788674
 THERE WAS CONVERGENCE AFTER  8 ITERATIONS!
 X = 
  0.03510326
 -0.23683891
  0.65788674
 BB = A * X = 
  1.00003541
  0.00004983
  4.00000000
 
 
 
 OMEGA =  1.40
X0 = 
  0.00000000
  0.00000000
  0.00000000
 XK = X 1 = 
  0.46666667
 -0.23333333
  0.69999999
 XK = X 2 = 
 -0.15555555
 -0.24888889
  0.65333337
 XK = X 3 = 
  0.10785185
 -0.22814816
  0.65955555
 XK = X 4 = 
  0.00926421
 -0.24273580
  0.65685934
 XK = X 5 = 
  0.04314990
 -0.23286784
  0.65858769
 XK = X 6 = 
  0.03339411
 -0.23952083
  0.65742803
 XK = X 7 = 
  0.03473291
 -0.23503669
  0.65820932
 XK = X 8 = 
  0.03592536
 -0.23805895
  0.65768278
 XK = X 9 = 
  0.03428372
 -0.23602198
  0.65803766
 XK = X10 = 
  0.03572536
 -0.23739488
  0.65779853
 XK = X11 = 
  0.03461961
 -0.23646957
  0.65795964
 XK = X12 = 
  0.03541851
 -0.23709318
  0.65785110
 XK = X13 = 
  0.03485858
 -0.23667291
  0.65792429
 XK = X14 = 
  0.03524452
 -0.23695616
  0.65787488
 XK = X15 = 
  0.03498104
 -0.23676524
  0.65790820
 XK = X16 = 
  0.03515999
 -0.23689395
  0.65788573
 XK = X17 = 
  0.03503880
 -0.23680717
  0.65790081
 XK = X18 = 
  0.03512074
 -0.23686564
  0.65789062
 XK = X19 = 
  0.03506543
 -0.23682623
  0.65789753
 THERE WAS CONVERGENCE AFTER 19 ITERATIONS!
 X = 
  0.03506543
 -0.23682623
  0.65789753
 BB = A * X = 
  0.99992007
  0.00003397
  4.00000048
 
 
 
 OMEGA =  1.60
X0 = 
  0.00000000
  0.00000000
  0.00000000
 XK = X 1 = 
  0.53333336
 -0.26666668
  0.80000001
 XK = X 2 = 
 -0.35555559
 -0.24888891
  0.62476200
 XK = X 3 = 
  0.28071958
 -0.21756616
  0.66779143
 XK = X 4 = 
 -0.10728912
 -0.25618705
  0.65314698
 XK = X 5 = 
  0.11272867
 -0.21881044
  0.66132647
 XK = X 6 = 
 -0.00371022
 -0.25338468
  0.65495151
 XK = X 7 = 
  0.05111348
 -0.22172035
  0.66054225
 XK = X 8 = 
  0.03212521
 -0.25065365
  0.65548575
 XK = X 9 = 
  0.03078386
 -0.22422969
  0.66009265
 XK = X10 = 
  0.04322445
 -0.24835899
  0.65588820
 XK = X11 = 
  0.02513349
 -0.22632574
  0.65972692
 XK = X12 = 
  0.04569185
 -0.24644490
  0.65622181
 XK = X13 = 
  0.02449601
 -0.22807360
  0.65942246
 XK = X14 = 
  0.04530448
 -0.24484888
  0.65649980
 XK = X15 = 
  0.02543133
 -0.22953092
  0.65916854
 XK = X16 = 
  0.04410147
 -0.24351814
  0.65673172
 XK = X17 = 
  0.02673917
 -0.23074606
  0.65895683
 XK = X18 = 
  0.04278161
 -0.24240857
  0.65692502
 XK = X19 = 
  0.02801980
 -0.23175925
  0.65878028
 XK = X20 = 
  0.04156705
 -0.24148342
  0.65708619
 XK = X21 = 
  0.02915599
 -0.23260404
  0.65863317
 XK = X22 = 
  0.04051322
 -0.24071202
  0.65722060
 XK = X23 = 
  0.03012799
 -0.23330840
  0.65851045
 XK = X24 = 
  0.03961983
 -0.24006885
  0.65733266
 XK = X25 = 
  0.03094731
 -0.23389572
  0.65840811
 NO CONVERGENCE AFTER 25 ITERATIONS!
 X = 
  0.03094731
 -0.23389572
  0.65840811
 BB = A * X = 
  0.98514575
  0.00628388
  4.00001144
 
 
 
 THE BEST OMEGA WAS  1.00 WITH  8 ITERATIONS.
