 N? 
 N =   6
 A? 
 A = 
  4.00000000 -1.00000000  0.00000000 -1.00000000  0.00000000  0.00000000
 -1.00000000  4.00000000 -1.00000000  0.00000000 -1.00000000  0.00000000
  0.00000000 -1.00000000  4.00000000  0.00000000  0.00000000 -1.00000000
 -1.00000000  0.00000000  0.00000000  4.00000000 -1.00000000  0.00000000
  0.00000000 -1.00000000  0.00000000 -1.00000000  4.00000000 -1.00000000
  0.00000000  0.00000000 -1.00000000  0.00000000 -1.00000000  4.00000000
 B? 
 B = 
  0.00000000
  5.00000000
  0.00000000
  6.00000000
 -2.00000000
  6.00000000
 T = 
  0.00000000  0.25000000  0.00000000  0.25000000  0.00000000  0.00000000
  0.25000000  0.00000000  0.25000000  0.00000000  0.25000000  0.00000000
  0.00000000  0.25000000  0.00000000  0.00000000  0.00000000  0.25000000
  0.25000000  0.00000000  0.00000000  0.00000000  0.25000000  0.00000000
  0.00000000  0.25000000  0.00000000  0.25000000  0.00000000  0.25000000
  0.00000000  0.00000000  0.25000000  0.00000000  0.25000000  0.00000000
 C = 
  0.00000000
  1.25000000
  0.00000000
  1.50000000
 -0.50000000
  1.50000000
 OMEGA =  0.40
X0 = 
  0.00000000
  0.00000000
  0.00000000
  0.00000000
  0.00000000
  0.00000000
 XK = X 1 = 
  0.00000000
  0.50000000
  0.12500000
  0.60000002
  0.07500000
  0.65000004
 XK = X 2 = 
  0.11000001
  0.84749997
  0.27687499
  0.99500000
  0.20562501
  1.08062506
 XK = X 3 = 
  0.25025001
  1.10281241
  0.42276561
  1.26362503
  0.34667188
  1.36835945
 XK = X 4 = 
  0.38679376
  1.29779208
  0.54952145
  1.45200312
  0.47732228
  1.56231105
 XK = X 5 = 
  0.50705576
  1.45010448
  0.65380132
  1.58767903
  0.58960104
  1.69421065
 XK = X 6 = 
  0.60801184
  1.57034755
  0.73677307
  1.68751204
  0.68197906
  1.78470409
 XK = X 7 = 
  0.69059306
  1.66553020
  0.80136472
  1.76215160
  0.75589937
  1.84732568
 XK = X 8 = 
  0.75712401
  1.74073660
  0.85090601
  1.81857288
  0.81394732
  1.89101911
 XK = X 9 = 
  0.81020534
  1.79991007
  0.88851255
  1.86152112
  0.85893172
  1.92174459
 XK = X10 = 
  0.85226631
  1.84622622
  0.91685206
  1.89434159
  0.89346075
  1.94350827
 XK = X11 = 
  0.88541657
  1.88228118
  0.93809843
  1.91946518
  0.91977870
  1.95902729
 XK = X12 = 
  0.91142458
  1.91020012
  0.95396960
  1.93870068
  0.93973321
  1.97016048
 XK = X13 = 
  0.93174481
  1.93171287
  0.96579599
  1.95341623
  0.95480317
  1.97819066
 XK = X14 = 
  0.94755977
  1.94821584
  0.97459370
  1.96465826
  0.96615010
  1.98401046
 XK = X15 = 
  0.95982331
  1.96082580
  0.98113132
  1.97323179
  0.97467440
  1.98824608
 XK = X16 = 
  0.96929973
  1.97042751
  0.98598641
  1.97975802
  0.98106694
  1.99134016
 XK = X17 = 
  0.97659838
  1.97771645
  0.98959082
  1.98471618
  0.98585451
  1.99360740
 XK = X18 = 
  0.98220229
  1.98323524
  0.99226660
  1.98847592
  0.98943639
  1.99527335
 XK = X19 = 
  0.98649251
  1.98740423
  0.99425310
  1.99132192
  0.99211401
  1.99650037
 XK = X20 = 
  0.98976815
  1.99054742
  0.99572814
  1.99347270
  0.99411458
  1.99740589
 XK = X21 = 
  0.99226290
  1.99291325
  0.99682367
  1.99509561
  0.99560851
  1.99807513
 XK = X22 = 
  0.99415863
  1.99469137
  0.99763757
  1.99631846
  0.99672377
  1.99857056
 XK = X23 = 
  0.99559617
  1.99602616
  0.99824244
  1.99723876
  0.99755603
  1.99893773
 XK = X24 = 
  0.99668419
  1.99702716
  0.99869210
  1.99793053
  0.99817711
  1.99921012
 XK = X25 = 
  0.99750626
  1.99777710
  0.99902648
  1.99845004
  0.99864036
  1.99941242
 NO CONVERGENCE AFTER 25 ITERATIONS!
 X = 
  0.99750626
  1.99777710
  0.99902648
  1.99845004
  0.99864036
  1.99941242
 BB = A * X = 
 -0.00620210
  4.99593544
 -0.00108361
  5.99765348
 -2.00107813
  5.99998283
 
 
 
 OMEGA =  0.60
X0 = 
  0.00000000
  0.00000000
  0.00000000
  0.00000000
  0.00000000
  0.00000000
 XK = X 1 = 
  0.00000000
  0.75000000
  0.18750000
  0.90000004
  0.11250000
  0.97500002
 XK = X 2 = 
  0.24750002
  1.15687501
  0.43546876
  1.33875000
  0.35015628
  1.45640624
 XK = X 3 = 
  0.47334376
  1.42417979
  0.63300592
  1.58160937
  0.56040823
  1.70235348
 XK = X 4 = 
  0.64020592
  1.61140108
  0.76898772
  1.72942209
  0.71414322
  1.83238268
 XK = X 5 = 
  0.75720584
  1.74231088
  0.85689008
  1.82417119
  0.81805289
  1.90337574
 XK = X 6 = 
  0.83785462
  1.83190894
  0.91200852
  1.88611948
  0.88558638
  1.94325471
 XK = X 7 = 
  0.89284611
  1.89182889
  0.94605798
  1.92671180
  0.92855513
  1.96619570
 XK = X 8 = 
  0.92991954
  1.93111885
  0.96694934
  1.95316327
  0.95556784
  1.97964633
 XK = X 9 = 
  0.95461011
  1.95648563
  0.97973621
  1.97026110
  0.97243255
  1.98764896
 XK = X10 = 
  0.97085607
  1.97267258
  0.98756140
  1.98122227
  0.98291939
  1.99246287
 XK = X11 = 
  0.98142666
  1.98291230
  0.99235481
  1.98819792
  0.98942524
  1.99538207
 XK = X12 = 
  0.98823720
  1.98934865
  0.99529517
  1.99260950
  0.99345595
  1.99716258
 XK = X13 = 
  0.99258858
  1.99337554
  0.99710149
  1.99538565
  0.99595129
  1.99825311
 XK = X14 = 
  0.99534959
  1.99588668
  0.99821270
  1.99712551
  0.99749547
  1.99892306
 XK = X15 = 
  0.99709165
  1.99744892
  0.99889708
  1.99821246
  0.99845076
  1.99933529
 XK = X16 = 
  0.99818587
  1.99841905
  0.99931902
  1.99888992
  0.99904168
  1.99958944
 XK = X17 = 
  0.99887067
  1.99902081
  0.99957931
  1.99931133
  0.99940723
  1.99974632
 XK = X18 = 
  0.99929810
  1.99939370
  0.99974000
  1.99957299
  0.99963331
  1.99984312
 XK = X19 = 
  0.99956423
  1.99962473
  0.99983931
  1.99973547
  0.99977314
  1.99990308
 XK = X20 = 
  0.99972969
  1.99976778
  0.99990070
  1.99983621
  0.99985969
  1.99994004
 THERE WAS CONVERGENCE AFTER 20 ITERATIONS!
 X = 
  0.99972969
  1.99976778
  0.99990070
  1.99983621
  0.99985969
  1.99994004
 BB = A * X = 
 -0.00068521
  4.99958086
 -0.00010502
  5.99975538
 -2.00010538
  6.00000000
 
 
 
 OMEGA =  1.00
X0 = 
  0.00000000
  0.00000000
  0.00000000
  0.00000000
  0.00000000
  0.00000000
 XK = X 1 = 
  0.00000000
  1.25000000
  0.31250000
  1.50000000
  0.18750000
  1.62500000
 XK = X 2 = 
  0.68750000
  1.54687500
  0.79296875
  1.71875000
  0.72265625
  1.87890625
 XK = X 3 = 
  0.81640625
  1.83300781
  0.92797852
  1.88476562
  0.89916992
  1.95678711
 XK = X 4 = 
  0.92944336
  1.93914795
  0.97398376
  1.95715332
  0.96327209
  1.98431396
 XK = X 5 = 
  0.97407532
  1.97783279
  0.99053669
  1.98433685
  0.98662090
  1.99428940
 XK = X 6 = 
  0.99054241
  1.99192500
  0.99655360
  1.99429083
  0.99512625
  1.99792004
 XK = X 7 = 
  0.99655396
  1.99705839
  0.99874461
  1.99792004
  0.99822462
  1.99924231
 XK = X 8 = 
  0.99874461
  1.99892843
  0.99954271
  1.99924231
  0.99935329
  1.99972403
 XK = X 9 = 
  0.99954271
  1.99960971
  0.99983346
  1.99972403
  0.99976444
  1.99989951
 XK = X10 = 
  0.99983346
  1.99985790
  0.99993932
  1.99989951
  0.99991417
  1.99996340
 XK = X11 = 
  0.99993932
  1.99994826
  0.99997795
  1.99996340
  0.99996877
  1.99998665
 THERE WAS CONVERGENCE AFTER 11 ITERATIONS!
 X = 
  0.99993932
  1.99994826
  0.99997795
  1.99996340
  0.99996877
  1.99998665
 BB = A * X = 
 -0.00015438
  4.99990654
 -0.00002313
  5.99994564
 -2.00002337
  6.00000000
 
 
 
 OMEGA =  1.40
X0 = 
  0.00000000
  0.00000000
  0.00000000
  0.00000000
  0.00000000
  0.00000000
 XK = X 1 = 
  0.00000000
  1.75000000
  0.43750000
  2.09999990
  0.26249999
  2.27499986
 XK = X 2 = 
  1.34749997
  1.63187492
  1.20421863
  1.68875003
  1.20640612
  1.86265635
 XK = X 3 = 
  0.62321872
  2.23152328
  0.89131057
  2.13729668
  0.89363492
  2.04223633
 XK = X 4 = 
  1.27979958
  1.86439335
  1.04750919
  1.94012523
  1.04534054
  1.98481250
 XK = X 5 = 
  0.81966174
  2.06963563
  0.97952890
  2.02271461
  0.98008770
  2.00526428
 XK = X 6 = 
  1.10445786
  1.96609223
  1.00851750
  1.99202561
  1.00857186
  1.99812829
 XK = X 7 = 
  0.94355816
  2.01587963
  0.99651706
  2.00252509
  0.99632907
  2.00066924
 XK = X 8 = 
  1.02901852
  1.99275458
  1.00140405
  1.99931574
  1.00156069
  1.99975801
 XK = X 9 = 
  0.98561716
  2.00324202
  0.99943972
  2.00012612
  0.99934000
  2.00008821
 XK = X10 = 
  1.00693202
  1.99857080
  1.00022197
  2.00001335
  1.00027764
  1.99996734
 XK = X11 = 
  0.99673170
  2.00062275
  0.99991256
  1.99996793
  0.99988359
  2.00001216
 XK = X12 = 
  1.00151408
  1.99973118
  1.00003433
  2.00002384
  1.00004852
  1.99999547
 XK = X13 = 
  0.99930859
  2.00011492
  0.99998659
  1.99998593
  0.99997962
  2.00000167
 XK = X14 = 
  1.00031197
  1.99995100
  1.00000525
  2.00000739
  1.00000846
  1.99999928
 XK = X15 = 
  0.99986070
  2.00002098
  0.99999791
  1.99999642
  0.99999660
  2.00000024
 XK = X16 = 
  1.00006175
  1.99999130
  1.00000083
  2.00000167
  1.00000131
  1.99999988
 THERE WAS CONVERGENCE AFTER 16 ITERATIONS!
 X = 
  1.00006175
  1.99999130
  1.00000083
  2.00000167
  1.00000131
  1.99999988
 BB = A * X = 
  0.00025392
  4.99990129
  0.00001204
  5.99994326
 -1.99998748
  5.99999714
 
 
 
 OMEGA =  1.60
X0 = 
  0.00000000
  0.00000000
  0.00000000
  0.00000000
  0.00000000
  0.00000000
 XK = X 1 = 
  0.00000000
  2.00000000
  0.50000000
  2.40000010
  0.30000001
  2.60000014
 XK = X 2 = 
  1.76000011
  1.56000006
  1.43000019
  1.51999998
  1.49000013
  1.68999994
 XK = X 3 = 
  0.17599988
  2.54000020
  0.68699998
  2.39200020
  0.67699999
  2.16500020
 XK = X 4 = 
  1.86720014
  1.51479995
  1.21350002
  1.72879982
  1.21050000
  1.91159976
 XK = X 5 = 
  0.17711985
  2.38507986
  0.86002982
  2.17128038
  0.86396986
  2.04764009
 XK = X 6 = 
  1.71627223
  1.71418786
  1.08934712
  1.89845550
  1.08728898
  1.97417474
 XK = X 7 = 
  0.41529393
  2.20340610
  0.94404131
  2.05710673
  0.94432116
  2.01408124
 XK = X 8 = 
  1.45502877
  1.85935259
  1.03455675
  1.96951556
  1.03533375
  1.99227834
 XK = X 9 = 
  0.65853000
  2.09523129
  0.97888803
  2.01531100
  0.97767669
  2.00425768
 XK = X10 = 
  1.24909890
  1.93654144
  1.01279044
  1.99293816
  1.01404822
  1.99763989
 XK = X11 = 
  0.82233250
  2.04175854
  0.99230254
  2.00280428
  0.99118960
  2.00131488
 XK = X12 = 
  1.12442565
  1.97279799
  1.00460768
  1.99924970
  1.00550866
  1.99926412
 XK = X13 = 
  0.91416371
  2.01757240
  0.99725389
  1.99985850
  0.99656528
  2.00041366
 XK = X14 = 
  1.05847406
  1.98872733
  1.00163090
  2.00045419
  1.00213635
  1.99976635
 XK = X15 = 
  0.96058816
  2.00718856
  0.99903423
  1.99950016
  0.99867415
  2.00013232
 XK = X16 = 
  1.02632260
  1.99543905
  1.00057054
  2.00043845
  1.00082111
  1.99992478
 XK = X17 = 
  0.98255742
  2.00288081
  0.99966359
  1.99965298
  0.99949229
  2.00004292
 XK = X18 = 
  1.01147914
  1.99818718
  1.00019789
  2.00025868
  1.00031340
  1.99997544
 XK = X19 = 
  0.99249089
  2.00113702
  0.99988377
  1.99981463
  0.99980700
  2.00001407
 XK = X20 = 
  1.00488615
  1.99928916
  1.00006819
  2.00012922
  1.00011885
  1.99999189
 XK = X21 = 
  0.99683559
  2.00044322
  0.99996006
  1.99991179
  0.99992698
  2.00000477
 XK = X22 = 
  1.00204051
  1.99972439
  1.00002337
  2.00005913
  1.00004482
  1.99999714
 XK = X23 = 
  0.99868912
  2.00017118
  0.99998635
  1.99996066
  0.99997234
  2.00000167
 XK = X24 = 
  1.00083923
  1.99989390
  1.00000799
  2.00002599
  1.00001693
  1.99999905
 XK = X25 = 
  0.99946439
  2.00006557
  0.99999523
  1.99998331
  0.99998963
  2.00000048
 NO CONVERGENCE AFTER 25 ITERATIONS!
 X = 
  0.99946439
  2.00006557
  0.99999523
  1.99998331
  0.99998963
  2.00000048
 BB = A * X = 
 -0.00219131
  5.00081301
 -0.00008512
  6.00047922
 -2.00009060
  6.00001717
 
 
 
 THE BEST OMEGA WAS  1.00 WITH 11 ITERATIONS.
